<?xml version="1.0" encoding="UTF-8"?>
<!-- Generated by org.testng.reporters.JUnitReportReporter -->
<testsuite hostname="DESKTOP-J7DRRNI" failures="0" tests="1" name="com.practo.testScripts.practoLoginLogin" time="45.689" errors="0" timestamp="2020-12-29T18:00:53 IST" skipped="0">
  <testcase classname="com.practo.testScripts.practoLoginLogin" name="credForLogin" time="45.689"/>
  <system-out/>
</testsuite> <!-- com.practo.testScripts.practoLoginLogin -->
