<?xml version="1.0" encoding="UTF-8"?>
<!-- Generated by org.testng.reporters.JUnitReportReporter -->
<testsuite hostname="DESKTOP-J7DRRNI" failures="0" tests="1" name="com.practo.testScripts.practoLogin" time="27.228" errors="0" timestamp="2020-12-29T17:59:32 IST" skipped="0">
  <testcase classname="com.practo.testScripts.practoLogin" name="login" time="27.228"/>
  <system-out/>
</testsuite> <!-- com.practo.testScripts.practoLogin -->
