<?xml version="1.0" encoding="UTF-8"?>
<!-- Generated by org.testng.reporters.JUnitReportReporter -->
<testsuite hostname="DESKTOP-J7DRRNI" failures="0" tests="1" name="com.practo.testScripts.setLocation" time="34.488" errors="0" timestamp="2020-12-29T18:08:20 IST" skipped="0">
  <testcase classname="com.practo.testScripts.setLocation" name="setLoc" time="34.488"/>
  <system-out/>
</testsuite> <!-- com.practo.testScripts.setLocation -->
