<?xml version="1.0" encoding="UTF-8"?>
<!-- Generated by org.testng.reporters.JUnitReportReporter -->
<testsuite hostname="DESKTOP-J7DRRNI" failures="0" tests="1" name="com.practo.testScripts.setLocation" time="64.862" errors="0" timestamp="2020-12-30T19:29:42 IST" skipped="0">
  <testcase classname="com.practo.testScripts.setLocation" name="setLoc" time="64.862"/>
  <system-out/>
</testsuite> <!-- com.practo.testScripts.setLocation -->
