<?xml version="1.0" encoding="UTF-8"?>
<!-- Generated by org.testng.reporters.JUnitReportReporter -->
<testsuite hostname="DESKTOP-J7DRRNI" failures="0" tests="1" name="com.practo.testScripts.practoLogin" time="24.657" errors="0" timestamp="2020-12-29T14:55:56 IST" skipped="0">
  <testcase classname="com.practo.testScripts.practoLogin" name="login" time="24.657"/>
  <system-out/>
</testsuite> <!-- com.practo.testScripts.practoLogin -->
